<?xml version="1.0" encoding="UTF-8" ?>
<testsuite tests="8" failures="0" name="uk.gov.dwp.uc.pairtest.TicketServiceImplTest" time="0.768" errors="0" skipped="0">
  <properties>
[...]
</properties>
  <testcase classname="uk.gov.dwp.uc.pairtest.TicketServiceImplTest" name="checkValidTicketTypeAdultOnly" time="0.758"/>
  <testcase classname="uk.gov.dwp.uc.pairtest.TicketServiceImplTest" name="checkValidTicketTypeInfantOnly" time="0.002"/>
  <testcase classname="uk.gov.dwp.uc.pairtest.TicketServiceImplTest" name="checkTotalTicketsCountInValid1" time="0"/>
  <testcase classname="uk.gov.dwp.uc.pairtest.TicketServiceImplTest" name="checkTotalTicketsCountValid" time="0.003"/>
  <testcase classname="uk.gov.dwp.uc.pairtest.TicketServiceImplTest" name="checkValidTicketTypeChildOnly" time="0.001"/>
  <testcase classname="uk.gov.dwp.uc.pairtest.TicketServiceImplTest" name="checkTotalTicketsCountInValid" time="0.002"/>
  <testcase classname="uk.gov.dwp.uc.pairtest.TicketServiceImplTest" name="checkValidAccountIdAndTicketType" time="0.001"/>
  <testcase classname="uk.gov.dwp.uc.pairtest.TicketServiceImplTest" name="checkAccountIDIsInValid" time="0.001"/>
</testsuite>